<?xml version="1.0" encoding="UTF-8"?>
<!-- Generated by org.testng.reporters.JUnitXMLReporter -->
<testsuite ignored="0" hostname="Anjus-MacBook-Air.local" failures="0" tests="7" name="Login Page Test" time="17.639" errors="0" timestamp="2025-04-17T18:17:00 IST">
  <testcase classname="com.testcases.LoginPageTest" name="testTitleVerification" time="0.031"/>
  <testcase classname="com.testcases.LoginPageTest" name="testInvalidLogin" time="0.31"/>
  <testcase classname="com.testcases.LoginPageTest" name="testInvalidLogin" time="0.217"/>
  <testcase classname="com.testcases.LoginPageTest" name="testInvalidLogin" time="0.161"/>
  <testcase classname="com.testcases.LoginPageTest" name="testInvalidLogin" time="0.212"/>
  <testcase classname="com.testcases.LoginPageTest" name="testValidLogin" time="0.256"/>
  <testcase classname="com.testcases.LoginPageTest" name="testValidLogin" time="0.224"/>
</testsuite> <!-- Login Page Test -->
